[    0.000000] Linux version 4.15.0-124-generic (buildd@lgw01-amd64-029) (gcc version 7.5.0 (Ubuntu 7.5.0-3ubuntu1~18.04)) #127-Ubuntu SMP Fri Nov 6 10:54:43 UTC 2020 (Ubuntu 4.15.0-124.127-generic 4.15.18)
[    0.000000] Command line: BOOT_IMAGE=/boot/vmlinuz-4.15.0-124-generic root=LABEL=cloudimg-rootfs ro console=tty1 console=ttyS0
[    0.000000] KERNEL supported cpus:
[    0.000000]   Intel GenuineIntel
[    0.000000]   AMD AuthenticAMD
[    0.000000]   Centaur CentaurHauls
[    0.000000] x86/fpu: x87 FPU will use FXSAVE
[    0.000000] e820: BIOS-provided physical RAM map:
[    0.000000] BIOS-e820: [mem 0x0000000000000000-0x000000000009fbff] usable
[    0.000000] BIOS-e820: [mem 0x000000000009fc00-0x000000000009ffff] reserved
[    0.000000] BIOS-e820: [mem 0x00000000000f0000-0x00000000000fffff] reserved
[    0.000000] BIOS-e820: [mem 0x0000000000100000-0x000000003ffeffff] usable
[    0.000000] BIOS-e820: [mem 0x000000003fff0000-0x000000003fffffff] ACPI data
[    0.000000] BIOS-e820: [mem 0x00000000fec00000-0x00000000fec00fff] reserved
[    0.000000] BIOS-e820: [mem 0x00000000fee00000-0x00000000fee00fff] reserved
[    0.000000] BIOS-e820: [mem 0x00000000fffc0000-0x00000000ffffffff] reserved
[    0.000000] NX (Execute Disable) protection: active
[    0.000000] SMBIOS 2.5 present.
[    0.000000] DMI: innotek GmbH VirtualBox/VirtualBox, BIOS VirtualBox 12/01/2006
[    0.000000] Hypervisor detected: KVM
[    0.000000] e820: last_pfn = 0x3fff0 max_arch_pfn = 0x400000000
[    0.000000] MTRR: Disabled
[    0.000000] x86/PAT: MTRRs disabled, skipping PAT initialization too.
[    0.000000] CPU MTRRs all blank - virtualized system.
[    0.000000] x86/PAT: Configuration [0-7]: WB  WT  UC- UC  WB  WT  UC- UC  
[    0.000000] found SMP MP-table at [mem 0x0009fff0-0x0009ffff]
[    0.000000] Scanning 1 areas for low memory corruption
[    0.000000] RAMDISK: [mem 0x35a67000-0x36d2afff]
[    0.000000] ACPI: Early table checksum verification disabled
[    0.000000] ACPI: RSDP 0x00000000000E0000 000024 (v02 VBOX  )
[    0.000000] ACPI: XSDT 0x000000003FFF0030 00003C (v01 VBOX   VBOXXSDT 00000001 ASL  00000061)
[    0.000000] ACPI: FACP 0x000000003FFF00F0 0000F4 (v04 VBOX   VBOXFACP 00000001 ASL  00000061)
[    0.000000] ACPI: DSDT 0x000000003FFF0470 002325 (v02 VBOX   VBOXBIOS 00000002 INTL 20100528)
[    0.000000] ACPI: FACS 0x000000003FFF0200 000040
[    0.000000] ACPI: FACS 0x000000003FFF0200 000040
[    0.000000] ACPI: APIC 0x000000003FFF0240 00005C (v02 VBOX   VBOXAPIC 00000001 ASL  00000061)
[    0.000000] ACPI: SSDT 0x000000003FFF02A0 0001CC (v01 VBOX   VBOXCPUT 00000002 INTL 20100528)
[    0.000000] No NUMA configuration found
[    0.000000] Faking a node at [mem 0x0000000000000000-0x000000003ffeffff]
[    0.000000] NODE_DATA(0) allocated [mem 0x3ffc5000-0x3ffeffff]
[    0.000000] kvm-clock: cpu 0, msr 0:3ff44001, primary cpu clock
[    0.000000] kvm-clock: Using msrs 4b564d01 and 4b564d00
[    0.000000] kvm-clock: using sched offset of 5715751247 cycles
[    0.000000] clocksource: kvm-clock: mask: 0xffffffffffffffff max_cycles: 0x1cd42e4dffb, max_idle_ns: 881590591483 ns
[    0.000000] Zone ranges:
[    0.000000]   DMA      [mem 0x0000000000001000-0x0000000000ffffff]
[    0.000000]   DMA32    [mem 0x0000000001000000-0x000000003ffeffff]
[    0.000000]   Normal   empty
[    0.000000]   Device   empty
[    0.000000] Movable zone start for each node
[    0.000000] Early memory node ranges
[    0.000000]   node   0: [mem 0x0000000000001000-0x000000000009efff]
[    0.000000]   node   0: [mem 0x0000000000100000-0x000000003ffeffff]
[    0.000000] Reserved but unavailable: 98 pages
[    0.000000] Initmem setup node 0 [mem 0x0000000000001000-0x000000003ffeffff]
[    0.000000] ACPI: PM-Timer IO Port: 0x4008
[    0.000000] IOAPIC[0]: apic_id 2, version 32, address 0xfec00000, GSI 0-23
[    0.000000] ACPI: INT_SRC_OVR (bus 0 bus_irq 0 global_irq 2 dfl dfl)
[    0.000000] ACPI: INT_SRC_OVR (bus 0 bus_irq 9 global_irq 9 low level)
[    0.000000] Using ACPI (MADT) for SMP configuration information
[    0.000000] smpboot: Allowing 2 CPUs, 0 hotplug CPUs
[    0.000000] PM: Registered nosave memory: [mem 0x00000000-0x00000fff]
[    0.000000] PM: Registered nosave memory: [mem 0x0009f000-0x0009ffff]
[    0.000000] PM: Registered nosave memory: [mem 0x000a0000-0x000effff]
[    0.000000] PM: Registered nosave memory: [mem 0x000f0000-0x000fffff]
[    0.000000] e820: [mem 0x40000000-0xfebfffff] available for PCI devices
[    0.000000] Booting paravirtualized kernel on KVM
[    0.000000] clocksource: refined-jiffies: mask: 0xffffffff max_cycles: 0xffffffff, max_idle_ns: 7645519600211568 ns
[    0.000000] random: get_random_bytes called from start_kernel+0x99/0x500 with crng_init=0
[    0.000000] setup_percpu: NR_CPUS:8192 nr_cpumask_bits:2 nr_cpu_ids:2 nr_node_ids:1
[    0.000000] percpu: Embedded 45 pages/cpu s147456 r8192 d28672 u1048576
[    0.000000] PV qspinlock hash table entries: 256 (order: 0, 4096 bytes)
[    0.000000] Built 1 zonelists, mobility grouping on.  Total pages: 257913
[    0.000000] Policy zone: DMA32
[    0.000000] Kernel command line: BOOT_IMAGE=/boot/vmlinuz-4.15.0-124-generic root=LABEL=cloudimg-rootfs ro console=tty1 console=ttyS0
[    0.000000] Memory: 983032K/1048120K available (12300K kernel code, 2482K rwdata, 4272K rodata, 2436K init, 2724K bss, 65088K reserved, 0K cma-reserved)
[    0.000000] SLUB: HWalign=64, Order=0-3, MinObjects=0, CPUs=2, Nodes=1
[    0.000000] Kernel/User page tables isolation: enabled
[    0.000000] ftrace: allocating 39402 entries in 154 pages
[    0.004000] Hierarchical RCU implementation.
[    0.004000] 	RCU restricting CPUs from NR_CPUS=8192 to nr_cpu_ids=2.
[    0.004000] 	Tasks RCU enabled.
[    0.004000] RCU: Adjusting geometry for rcu_fanout_leaf=16, nr_cpu_ids=2
[    0.004000] NR_IRQS: 524544, nr_irqs: 440, preallocated irqs: 16
[    0.004000] Console: colour VGA+ 80x25
[    0.004000] console [tty1] enabled
[    0.004000] console [ttyS0] enabled
[    0.004000] ACPI: Core revision 20170831
[    0.004000] ACPI: 2 ACPI AML tables successfully acquired and loaded
[    0.004000] APIC: Switch to symmetric I/O mode setup
[    0.004000] ..TIMER: vector=0x30 apic1=0 pin1=2 apic2=-1 pin2=-1
[    0.004004] tsc: Detected 3192.008 MHz processor
[    0.008010] Calibrating delay loop (skipped) preset value.. 6384.01 BogoMIPS (lpj=12768032)
[    0.012006] pid_max: default: 32768 minimum: 301
[    0.016108] Security Framework initialized
[    0.020002] Yama: becoming mindful.
[    0.022157] AppArmor: AppArmor initialized
[    0.028878] Dentry cache hash table entries: 131072 (order: 8, 1048576 bytes)
[    0.037527] Inode-cache hash table entries: 65536 (order: 7, 524288 bytes)
[    0.040063] Mount-cache hash table entries: 2048 (order: 2, 16384 bytes)
[    0.044084] Mountpoint-cache hash table entries: 2048 (order: 2, 16384 bytes)
[    0.048949] Last level iTLB entries: 4KB 64, 2MB 8, 4MB 8
[    0.052002] Last level dTLB entries: 4KB 64, 2MB 0, 4MB 0, 1GB 4
[    0.056003] Spectre V1 : Mitigation: usercopy/swapgs barriers and __user pointer sanitization
[    0.060007] Spectre V2 : Mitigation: Full generic retpoline
[    0.064002] Spectre V2 : Spectre v2 / SpectreRSB mitigation: Filling RSB on context switch
[    0.068003] Speculative Store Bypass: Vulnerable
[    0.072036] MDS: Mitigation: Clear CPU buffers
[    0.075028] Freeing SMP alternatives memory: 36K
[    0.189864] smpboot: CPU0: Intel(R) Core(TM) i7-8700 CPU @ 3.20GHz (family: 0x6, model: 0x9e, stepping: 0xa)
[    0.192428] Performance Events: unsupported p6 CPU model 158 no PMU driver, software events only.
[    0.196120] Hierarchical SRCU implementation.
[    0.200718] NMI watchdog: Perf event create on CPU 0 failed with -2
[    0.204002] NMI watchdog: Perf NMI watchdog permanently disabled
[    0.208273] smp: Bringing up secondary CPUs ...
[    0.212821] x86: Booting SMP configuration:
[    0.216002] .... node  #0, CPUs:      #1
[    0.004000] kvm-clock: cpu 1, msr 0:3ff44041, secondary cpu clock
[    0.223898] TSC synchronization [CPU#0 -> CPU#1]:
[    0.224000] Measured 140809 cycles TSC warp between CPUs, turning off TSC clock.
[    0.224000] tsc: Marking TSC unstable due to check_tsc_sync_source failed
[    0.228158] smp: Brought up 1 node, 2 CPUs
[    0.231093] smpboot: Max logical packages: 1
[    0.232071] smpboot: Total of 2 processors activated (12768.03 BogoMIPS)
[    0.236487] devtmpfs: initialized
[    0.240090] x86/mm: Memory block size: 128MB
[    0.244345] evm: security.selinux
[    0.246911] evm: security.SMACK64
[    0.248004] evm: security.SMACK64EXEC
[    0.250384] evm: security.SMACK64TRANSMUTE
[    0.252003] evm: security.SMACK64MMAP
[    0.256002] evm: security.apparmor
[    0.257976] evm: security.ima
[    0.260003] evm: security.capability
[    0.262409] clocksource: jiffies: mask: 0xffffffff max_cycles: 0xffffffff, max_idle_ns: 7645041785100000 ns
[    0.264114] futex hash table entries: 512 (order: 3, 32768 bytes)
[    0.268366] pinctrl core: initialized pinctrl subsystem
[    0.272289] RTC time: 19:24:45, date: 01/21/21
[    0.280896] NET: Registered protocol family 16
[    0.284105] audit: initializing netlink subsys (disabled)
[    0.288333] audit: type=2000 audit(1611257092.573:1): state=initialized audit_enabled=0 res=1
[    0.296009] cpuidle: using governor ladder
[    0.300006] cpuidle: using governor menu
[    0.304034] ACPI: bus type PCI registered
[    0.306697] acpiphp: ACPI Hot Plug PCI Controller Driver version: 0.5
[    0.308380] PCI: Using configuration type 1 for base access
[    0.320162] HugeTLB registered 2.00 MiB page size, pre-allocated 0 pages
[    0.328322] ACPI: Added _OSI(Module Device)
[    0.332003] ACPI: Added _OSI(Processor Device)
[    0.336008] ACPI: Added _OSI(3.0 _SCP Extensions)
[    0.340002] ACPI: Added _OSI(Processor Aggregator Device)
[    0.344011] ACPI: Added _OSI(Linux-Dell-Video)
[    0.348003] ACPI: Added _OSI(Linux-Lenovo-NV-HDMI-Audio)
[    0.352003] ACPI: Added _OSI(Linux-HPI-Hybrid-Graphics)
[    0.356626] ACPI: Executed 1 blocks of module-level executable AML code
[    0.371068] ACPI: Interpreter enabled
[    0.376012] ACPI: (supports S0 S5)
[    0.378610] ACPI: Using IOAPIC for interrupt routing
[    0.384306] PCI: Using host bridge windows from ACPI; if necessary, use "pci=nocrs" and report a bug
[    0.392172] ACPI: Enabled 2 GPEs in block 00 to 07
[    0.403270] ACPI: PCI Root Bridge [PCI0] (domain 0000 [bus 00-ff])
[    0.408008] acpi PNP0A03:00: _OSC: OS supports [ASPM ClockPM Segments MSI]
[    0.412587] acpi PNP0A03:00: _OSC: not requesting OS control; OS requires [ExtendedConfig ASPM ClockPM MSI]
[    0.416015] acpi PNP0A03:00: fail to add MMCONFIG information, can't access extended PCI configuration space under this bridge.
[    0.428476] PCI host bridge to bus 0000:00
[    0.431312] pci_bus 0000:00: root bus resource [io  0x0000-0x0cf7 window]
[    0.436007] pci_bus 0000:00: root bus resource [io  0x0d00-0xffff window]
[    0.440004] pci_bus 0000:00: root bus resource [mem 0x000a0000-0x000bffff window]
[    0.448004] pci_bus 0000:00: root bus resource [mem 0x40000000-0xfdffffff window]
[    0.452006] pci_bus 0000:00: root bus resource [bus 00-ff]
[    0.461224] pci 0000:00:01.1: legacy IDE quirk: reg 0x10: [io  0x01f0-0x01f7]
[    0.464003] pci 0000:00:01.1: legacy IDE quirk: reg 0x14: [io  0x03f6]
[    0.468015] pci 0000:00:01.1: legacy IDE quirk: reg 0x18: [io  0x0170-0x0177]
[    0.476005] pci 0000:00:01.1: legacy IDE quirk: reg 0x1c: [io  0x0376]
[    0.521492] pci 0000:00:07.0: quirk: [io  0x4000-0x403f] claimed by PIIX4 ACPI
[    0.532030] pci 0000:00:07.0: quirk: [io  0x4100-0x410f] claimed by PIIX4 SMB
[    0.552491] ACPI: PCI Interrupt Link [LNKA] (IRQs 5 9 10 *11)
[    0.560380] ACPI: PCI Interrupt Link [LNKB] (IRQs 5 9 *10 11)
[    0.568157] ACPI: PCI Interrupt Link [LNKC] (IRQs 5 *9 10 11)
[    0.576135] ACPI: PCI Interrupt Link [LNKD] (IRQs 5 9 10 *11)
[    0.584765] SCSI subsystem initialized
[    0.592222] pci 0000:00:02.0: vgaarb: setting as boot VGA device
[    0.596000] pci 0000:00:02.0: vgaarb: VGA device added: decodes=io+mem,owns=io+mem,locks=none
[    0.612005] pci 0000:00:02.0: vgaarb: bridge control possible
[    0.620006] vgaarb: loaded
[    0.624032] ACPI: bus type USB registered
[    0.632046] usbcore: registered new interface driver usbfs
[    0.640010] usbcore: registered new interface driver hub
[    0.648110] usbcore: registered new device driver usb
[    0.656167] EDAC MC: Ver: 3.0.0
[    0.664065] PCI: Using ACPI for IRQ routing
[    0.668549] NetLabel: Initializing
[    0.672002] NetLabel:  domain hash size = 128
[    0.680003] NetLabel:  protocols = UNLABELED CIPSOv4 CALIPSO
[    0.692046] NetLabel:  unlabeled traffic allowed by default
[    0.700068] clocksource: Switched to clocksource kvm-clock
[    0.753415] VFS: Disk quotas dquot_6.6.0
[    0.756705] VFS: Dquot-cache hash table entries: 512 (order 0, 4096 bytes)
[    0.762056] AppArmor: AppArmor Filesystem Enabled
[    0.765228] pnp: PnP ACPI init
[    0.768359] pnp: PnP ACPI: found 3 devices
[    0.778013] clocksource: acpi_pm: mask: 0xffffff max_cycles: 0xffffff, max_idle_ns: 2085701024 ns
[    0.784904] NET: Registered protocol family 2
[    0.789005] TCP established hash table entries: 8192 (order: 4, 65536 bytes)
[    0.793358] TCP bind hash table entries: 8192 (order: 5, 131072 bytes)
[    0.798440] TCP: Hash tables configured (established 8192 bind 8192)
[    0.806234] UDP hash table entries: 512 (order: 2, 16384 bytes)
[    0.810776] UDP-Lite hash table entries: 512 (order: 2, 16384 bytes)
[    0.815840] NET: Registered protocol family 1
[    0.818712] pci 0000:00:00.0: Limiting direct PCI/PCI transfers
[    0.822931] pci 0000:00:01.0: Activating ISA DMA hang workarounds
[    0.826915] pci 0000:00:02.0: Video device with shadowed ROM at [mem 0x000c0000-0x000dffff]
[    0.832928] Unpacking initramfs...
[    1.312135] Freeing initrd memory: 19216K
[    1.316263] clocksource: tsc: mask: 0xffffffffffffffff max_cycles: 0x2e02cc61d1f, max_idle_ns: 440795332860 ns
[    1.322794] platform rtc_cmos: registered platform RTC device (no PNP device found)
[    1.327793] Scanning for low memory corruption every 60 seconds
[    1.333896] Initialise system trusted keyrings
[    1.336785] Key type blacklist registered
[    1.339899] workingset: timestamp_bits=36 max_order=18 bucket_order=0
[    1.347037] zbud: loaded
[    1.350950] squashfs: version 4.0 (2009/01/31) Phillip Lougher
[    1.356539] fuse init (API version 7.26)
[    1.382860] Key type asymmetric registered
[    1.386039] Asymmetric key parser 'x509' registered
[    1.389889] Block layer SCSI generic (bsg) driver version 0.4 loaded (major 246)
[    1.394641] io scheduler noop registered
[    1.397562] io scheduler deadline registered
[    1.400581] io scheduler cfq registered (default)
[    1.403788] ACPI: AC Adapter [AC] (on-line)
[    1.407500] input: Power Button as /devices/LNXSYSTM:00/LNXPWRBN:00/input/input0
[    1.414141] ACPI: Power Button [PWRF]
[    1.416833] input: Sleep Button as /devices/LNXSYSTM:00/LNXSLPBN:00/input/input1
[    1.421579] ACPI: Sleep Button [SLPF]
[    1.424695] Serial: 8250/16550 driver, 32 ports, IRQ sharing enabled
[    1.45469] 00:02: ttyS0 at I/O 0x3f8 (irq = 4, base_baud = 115200) is a 16550A
[    1.460799] Linux agpgart interface v0.103
[    1.467406] loop: module loaded
[    1.473381] scsi host0: ata_piix
[    1.476668] scsi host1: ata_piix
[    1.478920] ata1: PATA max UDMA/33 cmd 0x1f0 ctl 0x3f6 bmdma 0xd000 irq 14
[    1.484063] ata2: PATA max UDMA/33 cmd 0x170 ctl 0x376 bmdma 0xd008 irq 15
[    1.488007] libphy: Fixed MDIO Bus: probed
[    1.491918] tun: Universal TUN/TAP device driver, 1.6
[    1.495851] PPP generic driver version 2.4.2
[    1.499438] ehci_hcd: USB 2.0 'Enhanced' Host Controller (EHCI) Driver
[    1.504236] ehci-pci: EHCI PCI platform driver
[    1.507119] ehci-platform: EHCI generic platform driver
[    1.511137] ohci_hcd: USB 1.1 'Open' Host Controller (OHCI) Driver
[    1.516173] ohci-pci: OHCI PCI platform driver
[    1.519085] ohci-platform: OHCI generic platform driver
[    1.523807] uhci_hcd: USB Universal Host Controller Interface driver
[    1.529494] i8042: PNP: PS/2 Controller [PNP0303:PS2K,PNP0f03:PS2M] at 0x60,0x64 irq 1,12
[    1.536819] serio: i8042 KBD port at 0x60,0x64 irq 1
[    1.539849] serio: i8042 AUX port at 0x60,0x64 irq 12
[    1.544755] mousedev: PS/2 mouse device common for all mice
[    1.550192] input: AT Translated Set 2 keyboard as /devices/platform/i8042/serio0/input/input2
[    1.558958] rtc_cmos rtc_cmos: rtc core: registered rtc_cmos as rtc0
[    1.563860] rtc_cmos rtc_cmos: alarms up to one day, 114 bytes nvram
[    1.569520] i2c /dev entries driver
[    1.571991] device-mapper: uevent: version 1.0.3
[    1.575529] device-mapper: ioctl: 4.37.0-ioctl (2017-09-20) initialised: dm-devel@redhat.com
[    1.582901] ledtrig-cpu: registered to indicate activity on CPUs
[    1.590267] NET: Registered protocol family 10
[    1.601430] Segment Routing with IPv6
[    1.603984] NET: Registered protocol family 17
[    1.609204] Key type dns_resolver registered
[    1.612649] mce: Using 0 MCE banks
[    1.614592] RAS: Correctable Errors collector initialized.
[    1.617728] sched_clock: Marking stable (1617687285, 0)->(2104476631, -486789346)
[    1.627189] registered taskstats version 1
[    1.630401] Loading compiled-in X.509 certificates
[    1.637191] Loaded X.509 cert 'Build time autogenerated kernel key: be62403dcace2d46f96dafa9f42421c610ef3c2a'
[    1.643523] zswap: loaded using pool lzo/zbud
[    1.704716] Key type big_key registered
[    1.707467] Key type trusted registered
[    1.714548] Key type encrypted registered
[    1.717571] AppArmor: AppArmor sha1 policy hashing enabled
[    1.721977] ima: No TPM chip found, activating TPM-bypass! (rc=-19)
[    1.726209] ima: Allocated hash algorithm: sha1
[    1.729627] evm: HMAC attrs: 0x1
[    1.732289]   Magic number: 5:936:445
[    1.735532] rtc_cmos rtc_cmos: setting system clock to 2021-01-21 19:24:46 UTC (1611257086)
[    1.743521] BIOS EDD facility v0.16 2004-Jun-25, 0 devices found
[    1.748508] EDD information not available.
[    1.753814] Freeing unused kernel image memory: 2436K
[    1.772821] Write protecting the kernel read-only data: 20480k
[    1.778166] Freeing unused kernel image memory: 2008K
[    1.782265] Freeing unused kernel image memory: 1872K
[    1.791222] x86/mm: Checked W+X mappings: passed, no W+X pages found.
[    1.796875] x86/mm: Checking user space page tables
[    1.805004] x86/mm: Checked W+X mappings: passed, no W+X pages found.
Loading, please wait...
starting version 237
[    1.890634] e1000: Intel(R) PRO/1000 Network Driver - version 7.3.21-k8-NAPI
[    1.896434] e1000: Copyright (c) 1999-2006 Intel Corporation.
[    1.901353] Fusion MPT base driver 3.04.20
[    1.903876] Copyright (c) 1999-2008 LSI Corporation
[    1.931157] Fusion MPT SPI Host driver 3.04.20
[    2.151783] input: ImExPS/2 Generic Explorer Mouse as /devices/platform/i8042/serio1/input/input4
[    2.526364] e1000 0000:00:03.0 eth0: (PCI:33MHz:32-bit) 02:60:71:1d:34:36
[    2.530644] e1000 0000:00:03.0 eth0: Intel(R) PRO/1000 Network Connection
[    2.537236] mptbase: ioc0: Initiating bringup
[    2.663894] ioc0: LSI53C1030 A0: Capabilities={Initiator}
[    3.386683] scsi host2: ioc0: LSI53C1030 A0, FwRev=00000000h, Ports=1, MaxQ=256, IRQ=20
[    4.289156] scsi 2:0:0:0: Direct-Access     VBOX     HARDDISK         1.0  PQ: 0 ANSI: 5
[    4.433950] scsi target2:0:0: Beginning Domain Validation
[    4.448000] scsi target2:0:0: Domain Validation skipping write tests
[    4.453154] scsi target2:0:0: Ending Domain Validation
[    4.457164] scsi target2:0:0: asynchronous
[    4.461943] scsi 2:0:1:0: Direct-Access     VBOX     HARDDISK         1.0  PQ: 0 ANSI: 5
[    4.816092] scsi target2:0:1: Beginning Domain Validation
[    4.821476] random: fast init done
[    4.832599] scsi target2:0:1: Domain Validation skipping write tests
[    4.836985] scsi target2:0:1: Ending Domain Validation
[    4.843393] scsi target2:0:1: asynchronous
[    4.863048] sd 2:0:0:0: Attached scsi generic sg0 type 0
[    4.863431] random: systemd-udevd: uninitialized urandom read (16 bytes read)
[    4.867555] sd 2:0:1:0: Attached scsi generic sg1 type 0
[    4.878112] random: systemd-udevd: uninitialized urandom read (16 bytes read)
[    4.884813] random: systemd-udevd: uninitialized urandom read (16 bytes read)
[    4.891398] sd 2:0:0:0: [sda] 20971520 512-byte logical blocks: (10.7 GB/10.0 GiB)
[    4.899583] sd 2:0:1:0: [sdb] 20480 512-byte logical blocks: (10.5 MB/10.0 MiB)
[    4.906131] sd 2:0:0:0: [sda] Write Protect is off
[    4.909466] sd 2:0:1:0: [sdb] Write Protect is off
[    4.913678] sd 2:0:0:0: [sda] Incomplete mode parameter data
[    4.918624] sd 2:0:0:0: [sda] Assuming drive cache: write through
[    4.923510] sd 2:0:1:0: [sdb] Incomplete mode parameter data
[    4.928130] sd 2:0:1:0: [sdb] Assuming drive cache: write through
[    5.025646] e1000 0000:00:08.0 eth1: (PCI:33MHz:32-bit) 08:00:27:f8:de:35
[    5.029832] e1000 0000:00:08.0 eth1: Intel(R) PRO/1000 Network Connection
[    5.031078]  sda: sda1
[    5.039143] e1000 0000:00:03.0 enp0s3: renamed from eth0
[    5.046212] sd 2:0:0:0: [sda] Attached SCSI disk
[    5.259594] sd 2:0:1:0: [sdb] Attached SCSI disk
[    5.270961] e1000 0000:00:08.0 enp0s8: renamed from eth1
Begin: Loading essential drivers ... [    7.536382] raid6: sse2x1   gen() 13811 MB/s
[    7.584093] raid6: sse2x1   xor()  9824 MB/s
[    7.632205] raid6: sse2x2   gen() 16472 MB/s
[    7.680072] raid6: sse2x2   xor() 11459 MB/s
[    7.728623] raid6: sse2x4   gen() 17920 MB/s
[    7.776580] raid6: sse2x4   xor() 11900 MB/s
[    7.779580] raid6: using algorithm sse2x4 gen() 17920 MB/s
[    7.783666] raid6: .... xor() 11900 MB/s, rmw enabled
[    7.787378] raid6: using ssse3x2 recovery algorithm
[    7.793186] xor: measuring software checksum speed
[    9.363931]    prefetch64-sse: -1732884.-296 MB/sec
[   11.361261]    generic_sse: -1827788.-296 MB/sec
[   11.366391] xor: using function: prefetch64-sse (-1732884.-296 MB/sec)
[   11.378021] async_tx: api initialized (async)
done.
Begin: Running /scripts/init-premount ... done.
Begin: Mounting root file system ... Begin: Running /scripts/local-top ... done.
Begin: Running /scripts/local-premount ... [   11.518923] Btrfs loaded, crc32c=crc32c-intel
Scanning for Btrfs filesystems
done.
Warning: fsck not present, so skipping root file system
[   12.269950] EXT4-fs (sda1): mounted filesystem with ordered data mode. Opts: (null)
done.
Begin: Running /scripts/local-bottom ... done.
Begin: Running /scripts/init-bottom ... done.
[   13.522828] ip_tables: (C) 2000-2006 Netfilter Core Team
[   13.633162] systemd[1]: systemd 237 running in system mode. (+PAM +AUDIT +SELINUX +IMA +APPARMOR +SMACK +SYSVINIT +UTMP +LIBCRYPTSETUP +GCRYPT +GNUTLS +ACL +XZ +LZ4 +SECCOMP +BLKID +ELFUTILS +KMOD -IDN2 +IDN -PCRE2 default-hierarchy=hybrid)
[   13.645750] systemd[1]: Detected virtualization oracle.
[   13.649447] systemd[1]: Detected architecture x86-64.

Welcome to [1mUbuntu 18.04.5 LTS[0m!

[   13.779272] systemd[1]: Set hostname to <ubuntu>.
[   13.825999] systemd[1]: Initializing machine ID from random generator.
[   13.831121] systemd[1]: Installed transient /etc/machine-id file.
[   13.963862] random: crng init done
[   13.967048] random: 7 urandom warning(s) missed due to ratelimiting
[   16.052109] systemd[1]: Reached target System Time Synchronized.
[[0;32m  OK  [0m] Reached target System Time Synchronized.
[   16.058076] systemd[1]: Reached target User and Group Name Lookups.
[[0;32m  OK  [0m] Reached target User and Group Name Lookups.
[   16.063887] systemd[1]: Set up automount Arbitrary Executable File Formats File System Automount Point.
[[0;32m  OK  [0m] Set up automount Arbitrary Executab…rmats File System Automount Point.
[   16.080972] systemd[1]: Created slice User and Session Slice.
[[0;32m  OK  [0m] Created slice User and Session Slice.
[[0;32m  OK  [0m] Created slice System Slice.
[[0;32m  OK  [0m] Listening on /dev/initctl Compatibility Named Pipe.
[[0;32m  OK  [0m] Listening on udev Kernel Socket.
[[0;32m  OK  [0m] Listening on Network Service Netlink Socket.
[[0;32m  OK  [0m] Listening on Syslog Socket.
[[0;32m  OK  [0m] Created slice system-serial\x2dgetty.slice.
[[0;32m  OK  [0m] Listening on LVM2 metadata daemon socket.
[[0;32m  OK  [0m] Listening on Journal Socket (/dev/log).
[[0;32m  OK  [0m] Listening on LVM2 poll daemon socket.
[[0;32m  OK  [0m] Listening on Journal Socket.
         Mounting POSIX Message Queue File System...
         Mounting Kernel Debug File System...
[[0;32m  OK  [0m] Listening on Journal Audit Socket.
         Starting Remount Root and Kernel File Systems...
[[0;32m  OK  [0m] Listening on udev Control Socket.
         Starting udev Coldplug all Devices...
         Mounting Huge Pages File System...
         Starting Create list of required st…ce nodes for the current kernel...
         Starting Uncomplicated firewall...
         Starting Journal Service...
         Starting Set the console keyboard layout...
[[0;32m  OK  [0m] Started Forward Password Requests to Wall Directory Watch.
         Starting Load Kernel Modules...
[[0;32m  OK  [0m] Reached target Slices.
[[0;32m  OK  [0m] Listening on Device-mapper event daemon FIFOs.
         Starting Monitoring of LVM2 mirrors…ng dmeventd or progress polling...
[[0;32m  OK  [0m] Reached target Swap.
[[0;32m  OK  [0m] Mounted POSIX Message Queue File System.
[[0;32m  OK  [0m] Mounted Kernel Debug File System.
[   16.341011] EXT4-fs (sda1): re-mounted. Opts: (null)
[[0;32m  OK  [0m] Started Journal Service.
[[0;32m  OK  [0m] Started Remount Root and Kernel File Systems.
[[0;32m  OK  [0m] Mounted Huge Pages File System.
[[0;32m  OK  [0m] Started Create list of required sta…vice nodes for the current kernel.
[[0;32m  OK  [0m] Started Uncomplicated firewall.
         Starting Create Static Device Nodes in /dev...
         Starting Load/Save Random Seed...
[   16.400801] Loading iSCSI transport class v2.0-870.
         Starting Flush Journal to Persistent Storage...
[[0;32m  OK  [0m] Started udev Coldplug all Devices.
[[0;32m  OK  [0m] Started Load/Save Random Seed.
[   16.528554] iscsi: registered transport (tcp)
[   16.638861] systemd-journald[397]: Received request to flush runtime journal from PID 1
[   16.927900] iscsi: registered transport (iser)
[[0;32m  OK  [0m] Started Load Kernel Modules.
         Mounting Kernel Configuration File System...
         Mounting FUSE Control File System...
         Starting Apply Kernel Variables...
[[0;32m  OK  [0m] Mounted Kernel Configuration File System.
[[0;32m  OK  [0m] Mounted FUSE Control File System.
[[0;32m  OK  [0m] Started Create Static Device Nodes in /dev.
         Starting udev Kernel Device Manager...
[[0;32m  OK  [0m] Started LVM2 metadata daemon.
[[0;32m  OK  [0m] Started Apply Kernel Variables.
[[0;32m  OK  [0m] Started Flush Journal to Persistent Storage.
[[0;32m  OK  [0m] Started Monitoring of LVM2 mirrors,…sing dmeventd or progress polling.
[[0;32m  OK  [0m] Started udev Kernel Device Manager.
[[0;32m  OK  [0m] Found device /dev/ttyS0.
[[0;32m  OK  [0m] Listening on Load/Save RF Kill Switch Status /dev/rfkill Watch.
[[0;32m  OK  [0m] Started Set the console keyboard layout.
[[0;32m  OK  [0m] Started Dispatch Password Requests to Console Directory Watch.
[[0;32m  OK  [0m] Reached target Local Encrypted Volumes.
[[0;32m  OK  [0m] Reached target Local File Systems (Pre).
[[0;32m  OK  [0m] Reached target Local File Systems.
         Starting Set console font and keymap...
         Starting Commit a transient machine-id on disk...
         Starting Create Volatile Files and Directories...
         Starting AppArmor initialization...
         Starting ebtables ruleset management...
         Starting Tell Plymouth To Write Out Runtime Data...
[[0;32m  OK  [0m] Started Set console font and keymap.
[[0;32m  OK  [0m] Started Create Volatile Files and Directories.
         Starting Update UTMP about System Boot/Shutdown...
[[0;32m  OK  [0m] Started Tell Plymouth To Write Out Runtime Data.
[[0;32m  OK  [0m] Started Update UTMP about System Boot/Shutdown.
[[0;32m  OK  [0m] Started Commit a transient machine-id on disk.
[[0;32m  OK  [0m] Started ebtables ruleset management.
[[0;32m  OK  [0m] Started AppArmor initialization.
         Starting Load AppArmor profiles managed internally by snapd...
         Starting Initial cloud-init job (pre-networking)...
[[0;32m  OK  [0m] Started Load AppArmor profiles managed internally by snapd.
[   24.769423] cloud-init[673]: Cloud-init v. 20.3-2-g371b392c-0ubuntu1~18.04.1 running 'init-local' at Thu, 21 Jan 2021 19:25:08 +0000. Up 24.03 seconds.
[[0;32m  OK  [0m] Started Initial cloud-init job (pre-networking).
[[0;32m  OK  [0m] Reached target Network (Pre).
         Starting Network Service...
[[0;32m  OK  [0m] Started Network Service.
         Starting Network Name Resolution...
         Starting Wait for Network to be Configured...
[[0;32m  OK  [0m] Started Network Name Resolution.
[[0;32m  OK  [0m] Reached target Host and Network Name Lookups.
[[0;32m  OK  [0m] Reached target Network.
[[0;32m  OK  [0m] Started Wait for Network to be Configured.
         Starting Initial cloud-init job (metadata service crawler)...
[   26.578510] cloud-init[807]: Cloud-init v. 20.3-2-g371b392c-0ubuntu1~18.04.1 running 'init' at Thu, 21 Jan 2021 19:25:11 +0000. Up 26.42 seconds.
[   26.585068] cloud-init[807]: ci-info: ++++++++++++++++++++++++++++++++++++++Net device info+++++++++++++++++++++++++++++++++++++++
[   26.590720] cloud-init[807]: ci-info: +--------+-------+----------------------------+---------------+--------+-------------------+
[   26.595729] cloud-init[807]: ci-info: | Device |   Up  |          Address           |      Mask     | Scope  |     Hw-Address    |
[   26.601085] cloud-init[807]: ci-info: +--------+-------+----------------------------+---------------+--------+-------------------+
[   26.606207] cloud-init[807]: ci-info: | enp0s3 |  True |         10.0.2.15          | 255.255.255.0 | global | 02:60:71:1d:34:36 |
[   26.612360] cloud-init[807]: ci-info: | enp0s3 |  True | fe80::60:71ff:fe1d:3436/64 |       .       |  link  | 02:60:71:1d:34:36 |
[   26.617691] cloud-init[807]: ci-info: | enp0s8 | False |             .              |       .       |   .    | 08:00:27:f8:de:35 |
[   26.625637] cloud-init[807]: ci-info: |   lo   |  True |         127.0.0.1          |   255.0.0.0   |  host  |         .         |
[   26.631317] cloud-init[807]: ci-info: |   lo   |  True |          ::1/128           |       .       |  host  |         .         |
[   26.636840] cloud-init[807]: ci-info: +--------+-------+----------------------------+---------------+--------+-------------------+
[   26.643017] cloud-init[807]: ci-info: ++++++++++++++++++++++++++++Route IPv4 info+++++++++++++++++++++++++++++
[   26.647730] cloud-init[807]: ci-info: +-------+-------------+----------+-----------------+-----------+-------+
[   26.664229] cloud-init[807]: ci-info: | Route | Destination | Gateway  |     Genmask     | Interface | Flags |
[   26.668615] cloud-init[807]: ci-info: +-------+-------------+----------+-----------------+-----------+-------+
[   26.674477] cloud-init[807]: ci-info: |   0   |   0.0.0.0   | 10.0.2.2 |     0.0.0.0     |   enp0s3  |   UG  |
[   26.679087] cloud-init[807]: ci-info: |   1   |   10.0.2.0  | 0.0.0.0  |  255.255.255.0  |   enp0s3  |   U   |
[   26.683644] cloud-init[807]: ci-info: |   2   |   10.0.2.2  | 0.0.0.0  | 255.255.255.255 |   enp0s3  |   UH  |
[   26.688635] cloud-init[807]: ci-info: +-------+-------------+----------+-----------------+-----------+-------+
[   26.693243] cloud-init[807]: ci-info: +++++++++++++++++++Route IPv6 info+++++++++++++++++++
[   26.697403] cloud-init[807]: ci-info: +-------+-------------+---------+-----------+-------+
[   26.701511] cloud-init[807]: ci-info: | Route | Destination | Gateway | Interface | Flags |
[   26.706242] cloud-init[807]: ci-info: +-------+-------------+---------+-----------+-------+
[   26.710863] cloud-init[807]: ci-info: |   1   |  fe80::/64  |    ::   |   enp0s3  |   U   |
[   26.714913] cloud-init[807]: ci-info: |   3   |    local    |    ::   |   enp0s3  |   U   |
[   26.718989] cloud-init[807]: ci-info: |   4   |   ff00::/8  |    ::   |   enp0s3  |   U   |
[   26.724915] cloud-init[807]: ci-info: +-------+-------------+---------+-----------+-------+
[   29.151999] cloud-init[807]: Generating public/private rsa key pair.
[   29.156466] cloud-init[807]: Your identification has been saved in /etc/ssh/ssh_host_rsa_key.
[   29.161425] cloud-init[807]: Your public key has been saved in /etc/ssh/ssh_host_rsa_key.pub.
[   29.166172] cloud-init[807]: The key fingerprint is:
[   29.169663] cloud-init[807]: SHA256:Yv800I0Xbd+xJ9Dq6ngWyaMi519uwsWxp9gOO9hoWtc root@ubuntu-bionic
[   29.189484] cloud-init[807]: The key's randomart image is:
[   29.193386] cloud-init[807]: +---[RSA 2048]----+
[[   29.197680] cloud-init[807]: |                 |
[   29.198052] cloud-init[807]: |             o   |
[   29.198081] cloud-init[807]: |            o +. |
[   29.198514] cloud-init[807]: |         ..o = .+|
[   29.198840] cloud-init[807]: |      o Soo++ ..+|
[   29.199139] cloud-init[807]: |     . o oOo.  ..|
[   29.199430] cloud-init[807]: |      .=+=E=.    |
[   29.199742] cloud-init[807]: |    ..*.BO*o     |
[   29.199772] cloud-init[807]: |    .*.o+O*      |
[   29.199798] cloud-init[807]: +----[SHA256]-----+
[   29.200502] cloud-init[807]: Generating public/private dsa key pair.
[   29.200826] cloud-init[807]: Your identification has been saved in /etc/ssh/ssh_host_dsa_key.
[   29.201118] cloud-init[807]: Your public key has been saved in /etc/ssh/ssh_host_dsa_key.pub.
[   29.201417] cloud-init[807]: The key fingerprint is:
[   29.201760] cloud-init[807]: SHA256:zO+dH084TAK37vHbB6kTLEsZR/AaCR2FnQtLH1uldXQ root@ubuntu-bionic
[   29.202056] cloud-init[807]: The key's randomart image is:
[   29.202351] cloud-init[807]: +---[DSA 1024]----+
[   29.202663] cloud-init[807]: |        ..o*.. oE|
[   29.202968] cloud-init[807]: |         .=o= .oo|
[   29.203359] cloud-init[807]: |         .+=o=.  |
[   29.203696] cloud-init[807]: |       o  o==.   |
[   29.203979] cloud-init[807]: |        S .=o .. |
[   29.204831] cloud-init[807]: |         .+.o+o. |
[   29.205110] cloud-init[807]: |         ..ooo=..|
[   29.205407] cloud-init[807]: |         ..oo+ *.|
[   29.205725] cloud-init[807]: |          . +o+.+|
[   29.206022] cloud-init[807]: +----[SHA256]-----+
[   29.206322] cloud-init[807]: Generating public/private ecdsa key pair.
[   29.206653] cloud-init[807]: Your identification has been saved in /etc/ssh/ssh_host_ecdsa_key.
[   29.206954] cloud-init[807]: Your public key has been saved in /etc/ssh/ssh_host_ecdsa_key.pub.
[   29.207259] cloud-init[807]: The key fingerprint is:
[   29.207601] cloud-init[807]: SHA256:2TATwzLaGdNyAbpeJWSbU2BtEhmPw12cpDAydPEGpSk root@ubuntu-bionic
[   29.207905] cloud-init[807]: The key's randomart image is:
[   29.208664] cloud-init[807]: +---[ECDSA 256]---+
[   29.209404] cloud-init[807]: |   .+ #%*+o.     |
[   29.209743] cloud-init[807]: |     XO#*=o      |
[   29.210060] cloud-init[807]: |    Eo@@@        |
[   29.210395] cloud-init[807]: |    .oo* *       |
[   29.210704] cloud-init[807]: |    . . S .      |
[   29.211004] cloud-init[807]: |   . .           |
[   29.211324] cloud-init[807]: |    .            |
[   29.211624] cloud-init[807]: |                 |
[   29.211926] cloud-init[807]: |                 |
[   29.212609] cloud-init[807]: +----[SHA256]-----+
[   29.212640] cloud-init[807]: Generating public/private ed25519 key pair.
[   29.212673] cloud-init[807]: Your identification has been saved in /etc/ssh/ssh_host_ed25519_key.
[   29.212705] cloud-init[807]: Your public key has been saved in /etc/ssh/ssh_host_ed25519_key.pub.
[   29.212733] cloud-init[807]: The key fingerprint is:
[   29.212757] cloud-init[807]: SHA256:WKfUs51eVlJbWY8oDPYiTDcHVpaywaUCm59n4t8b5xc root@ubuntu-bionic
[   29.212787] cloud-init[807]: The key's randomart image is:
[   29.213099] cloud-init[807]: +--[ED25519 256]--+
[   29.213415] cloud-init[807]: |    . ..B+=.    *|
[   29.213707] cloud-init[807]: |     * ++X.  . ++|
[   29.214010] cloud-init[807]: |    o + =+B . o.o|
[   29.214325] cloud-init[807]: |     . B.+ = . o |
[   29.214625] cloud-init[807]: |      = S . o o  |
[   29.214924] cloud-init[807]: |     . +   . oE  |
[   29.215242] cloud-init[807]: |      .   . o  . |
[   29.215540] cloud-init[807]: |       . . +  .  |
[   29.215859] cloud-init[807]: |        . o...   |
[   29.216502] cloud-init[807]: +----[SHA256]-----+
[0;32m  OK  [0m] Started Initial cloud-init job (metadata service crawler).
[[0;32m  OK  [0m] Reached target System Initialization.
[[0;32m  OK  [0m] Started Message of the Day.
[[0;32m  OK  [0m] Started Daily Cleanup of Temporary Directories.
[[0;32m  OK  [0m] Started ACPI Events Check.
[[0;32m  OK  [0m] Reached target Paths.
[[0;32m  OK  [0m] Listening on ACPID Listen Socket.
[[0;32m  OK  [0m] Started Discard unused blocks once a week.
[[0;32m  OK  [0m] Listening on D-Bus System Message Bus Socket.
[[0;32m  OK  [0m] Listening on Open-iSCSI iscsid Socket.
         Starting Socket activation for snappy daemon.
[[0;32m  OK  [0m] Listening on UUID daemon activation socket.
         Starting LXD - unix socket.
[[0;32m  OK  [0m] Started Daily apt download activities.
[[0;32m  OK  [0m] Started Daily apt upgrade and clean activities.
[[0;32m  OK  [0m] Reached target Timers.
[[0;32m  OK  [0m] Reached target Network is Online.
         Starting Availability of block devices...
[[0;32m  OK  [0m] Reached target Remote File Systems (Pre).
[[0;32m  OK  [0m] Reached target Remote File Systems.
[[0;32m  OK  [0m] Reached target Cloud-config availability.
[[0;32m  OK  [0m] Listening on Socket activation for snappy daemon.
[[0;32m  OK  [0m] Listening on LXD - unix socket.
[[0;32m  OK  [0m] Reached target Sockets.
[[0;32m  OK  [0m] Reached target Basic System.
         Starting Dispatcher daemon for systemd-networkd...
         Starting Login Service...
[[0;32m  OK  [0m] Started irqbalance daemon.
[[0;32m  OK  [0m] Started D-Bus System Message Bus.
[[0;32m  OK  [0m] Started Login Service.
         Starting Accounts Service...
         Starting System Logging Service...
         Starting LSB: automatic crash report generation...
[[0;32m  OK  [0m] Started Deferred execution scheduler.
[[0;32m  OK  [0m] Started FUSE filesystem for LXC.
         Starting Pollinate to seed the pseudo random number generator...
[[0;32m  OK  [0m] Started Regular background program processing daemon.
         Starting Permit User Sessions...
[[0;32m  OK  [0m] Started Unattended Upgrades Shutdown.
         Starting LXD - container startup/shutdown...
         Starting Virtualbox guest utils...
         Starting Snap Daemon...
         Starting LSB: Record successful boot for GRUB...
[[0;32m  OK  [0m] Started Dispatcher daemon for systemd-networkd.
[[0;32m  OK  [0m] Started Availability of block devices.
[[0;32m  OK  [0m] Started Permit User Sessions.
         Starting Hold until boot process finishes up...
         Starting Terminate Plymouth Boot Screen...
[[0;32m  OK  [0m] Started Hold until boot process finishes up.
         Starting Set console scheme...
[[0;32m  OK  [0m] Started Serial Getty on ttyS0.
[[0;32m  OK  [0m] Started Terminate Plymouth Boot Screen.
[[0;32m  OK  [0m] Started Set console scheme.
[[0;32m  OK  [0m] Created slice system-getty.slice.
[[0;32m  OK  [0m] Started Getty on tty1.
[[0;32m  OK  [0m] Reached target Login Prompts.
[[0;32m  OK  [0m] Started System Logging Service.
[[0;32m  OK  [0m] Started LSB: automatic crash report generation.
         Starting Authorization Manager...
[[0;32m  OK  [0m] Started Authorization Manager.
[[0;32m  OK  [0m] Started Accounts Service.
[[0;32m  OK  [0m] Started LSB: Record successful boot for GRUB.
[[0;32m  OK  [0m] Started Virtualbox guest utils.
[[0;32m  OK  [0m] Started LXD - container startup/shutdown.

Ubuntu 18.04.5 LTS ubuntu-bionic ttyS0

ubuntu-bionic login: [   48.404650] cloud-init[1569]: Cloud-init v. 20.3-2-g371b392c-0ubuntu1~18.04.1 running 'modules:config' at Thu, 21 Jan 2021 19:25:28 +0000. Up 43.88 seconds.
ci-info: no authorized SSH keys fingerprints found for user ubuntu.
<14>Jan 21 19:25:33 ec2: 
<14>Jan 21 19:25:33 ec2: #############################################################
<14>Jan 21 19:25:33 ec2: -----BEGIN SSH HOST KEY FINGERPRINTS-----
<14>Jan 21 19:25:33 ec2: 1024 SHA256:zO+dH084TAK37vHbB6kTLEsZR/AaCR2FnQtLH1uldXQ root@ubuntu-bionic (DSA)
<14>Jan 21 19:25:33 ec2: 256 SHA256:2TATwzLaGdNyAbpeJWSbU2BtEhmPw12cpDAydPEGpSk root@ubuntu-bionic (ECDSA)
<14>Jan 21 19:25:33 ec2: 256 SHA256:WKfUs51eVlJbWY8oDPYiTDcHVpaywaUCm59n4t8b5xc root@ubuntu-bionic (ED25519)
<14>Jan 21 19:25:33 ec2: 2048 SHA256:Yv800I0Xbd+xJ9Dq6ngWyaMi519uwsWxp9gOO9hoWtc root@ubuntu-bionic (RSA)
<14>Jan 21 19:25:33 ec2: -----END SSH HOST KEY FINGERPRINTS-----
<14>Jan 21 19:25:33 ec2: #############################################################
-----BEGIN SSH HOST KEY KEYS-----
ecdsa-sha2-nistp256 AAAAE2VjZHNhLXNoYTItbmlzdHAyNTYAAAAIbmlzdHAyNTYAAABBBPmHMh+TbANdOYEk//Ub15Ci73eplCoIPKocATNxO189WzU9Yfp4XSmmgtdEnG8yR+q1S9CO8tTaC+2jgplYQYU= root@ubuntu-bionic
ssh-ed25519 AAAAC3NzaC1lZDI1NTE5AAAAIJ+K4LMYV6ogssNh4lsXeDAyE56mVzyL1AReUy40/Brz root@ubuntu-bionic
ssh-rsa AAAAB3NzaC1yc2EAAAADAQABAAABAQDY7SaxklJ6m8h43mKmDOSGr+BqRcf/qz3ua0Bk4rZHkh/B0vFMCdDpcUg78uyczSAe57ikz2QANjVYIsTRVDa/LuINIXkg9FnjnXcxpHQegBM48b5kNq0pzGIvKFPfnUKj2AHxwNdnJ4/LgYuBNWkHmdQmsfJXEMTMhA8gSGoQy3ZKmtE351QbKLhpDE09KnFhBQpDwLXzMEiGg2VCjBImpU6/OJAv9t5udNVAylILF1s1AXY+bO/qRy0vB88GkUfmeo0td0b8V2GiQGIleVy4bUG87BweHREhW8LNo6q8B3L5h2XsfL0zoIUO/Q+mTE8xcJLnpc6inD+wyKoOXZGb root@ubuntu-bionic
-----END SSH HOST KEY KEYS-----
[   49.100614] cloud-init[1805]: Cloud-init v. 20.3-2-g371b392c-0ubuntu1~18.04.1 running 'modules:final' at Thu, 21 Jan 2021 19:25:33 +0000. Up 48.85 seconds.
[   49.106196] cloud-init[1805]: ci-info: no authorized SSH keys fingerprints found for user ubuntu.
[   49.110687] cloud-init[1805]: Cloud-init v. 20.3-2-g371b392c-0ubuntu1~18.04.1 finished at Thu, 21 Jan 2021 19:25:33 +0000. Datasource DataSourceNoCloud [seed=/dev/sdb][dsmode=net].  Up 49.06 seconds
